[INFO] 13:49:55 - Started new session
[HUNTER] 13:55:07 - Spases Lobby: WC13 Hunted: n Class: hunter Level: 106
Blocks Walked: 3
Playtime: 6

[HUNTER] 13:55:08 - robb216 Lobby: WC14 Hunted: n Class: mage Level: 105
Mobs Killed: 2
Blocks Walked: 46715
Playtime: 5
Combat: 0LvL 0.5999999999999943xp Real: 105

[HUNTER] 13:55:08 - jittermat Lobby: WC14 Hunted: n Class: archer Level: 105
Blocks Walked: 2
Playtime: 2

[HUNTER] 13:55:08 - jittermat Lobby: WC14 Hunted: n Class: mage Level: 104
Mobs Killed: 11
Blocks Walked: 64
Playtime: 1
Mining: 0LvL 42.7xp Level: 25

[HUNTER] 13:55:08 - jittermat Lobby: WC14 Hunted: n Class: warrior1 Level: 104
Mobs Killed: 156
Blocks Walked: 2947
Playtime: 2

[HUNTER] 13:55:09 - Dimdom10 Lobby: WC16 Hunted: n Class: mage Level: 105
Mobs Killed: 52
Chests Opened: 36
Blocks Walked: 29160
Playtime: 6

[HUNTER] 13:55:09 - gamer_monster Lobby: WC2 Hunted: n Class: archer Level: 105
Chests Opened: 19
Blocks Walked: 7107
Playtime: 5

[HUNTER] 13:55:09 - NOMOREWORRY Lobby: WC11 Hunted: n Class: skyseer Level: 105
Mobs Killed: 377
Blocks Walked: 7348
Playtime: 6
Mining: 0LvL 49.1xp Level: 60
Woodcutting: 5LvL 0xp Real: 70

[HUNTER] 13:55:09 - TimeValley Lobby: WC26 Hunted: n Class: ninja Level: 106
Mobs Killed: 41
Chests Opened: 72
Blocks Walked: 6140
Playtime: 7
Combat: 0LvL 0.09999999999999432xp Real: 106

[HUNTER] 13:55:10 - ModernSoldier Lobby: WC7 Hunted: n Class: skyseer Level: 105
Mobs Killed: 7
Blocks Walked: 24868585
Playtime: 3

[HUNTER] 13:55:10 - ModernSoldier Lobby: WC7 Hunted: n Class: knight Level: 103
Mobs Killed: 20
Chests Opened: 16
Blocks Walked: 28469
Playtime: 3

[HUNTER] 13:57:07 - YaboiTimo Lobby: WC11 Hunted: n Class: assassin Level: 105
Mobs Killed: 60
Chests Opened: 2
Blocks Walked: 18864
Playtime: 5
Combat: 0LvL 0.2999999999999998xp Real: 105

[HUNTER] 13:57:08 - mrcraftyketchup Lobby: WC11 Hunted: n Class: warrior Level: 106
Mobs Killed: 11
Blocks Walked: 772
Playtime: 2

[HUNTER] 13:57:08 - Byboy Lobby: WC13 Hunted: n Class: archer Level: 105
Mobs Killed: 12
Chests Opened: 2
Blocks Walked: 27020
Playtime: 6
Armouring: 0LvL 45.5xp Real: 66

[HUNTER] 13:57:08 - justusmew Lobby: WC17 Hunted: n Class: warrior2 Level: 105
Blocks Walked: 175612770
Playtime: 6

[HUNTER] 13:57:09 - lu062208639 Lobby: WC2 Hunted: n Class: mage Level: 106
Mobs Killed: 64
Chests Opened: 22
Blocks Walked: 40564
Quests Done: ['Mini-Quest - Gather Carp II']
Playtime: 6
Fishing: 0LvL 19.799999999999997xp Real: 57

[HUNTER] 13:57:09 - Cco0lL Lobby: WC2 Hunted: n Class: darkwizard Level: 105
Mobs Killed: 155
Blocks Walked: 68773
Playtime: 6
Combat: 0LvL 0.29999999999999716xp Real: 105

[HUNTER] 13:57:09 - babadduck Lobby: WC2 Hunted: n Class: darkwizard2 Level: 105
Blocks Walked: 90
Playtime: 1

[HUNTER] 13:57:09 - MapleAir Lobby: WC22 Hunted: n Class: mage Level: 104
Mobs Killed: 13
Chests Opened: 4
Blocks Walked: 3470
Playtime: 3
Mining: 0LvL 6.5xp Level: 30

[HUNTER] 13:57:10 - Topphy Lobby: WC29 Hunted: n Class: assassin Level: 103
Mobs Killed: 114
Chests Opened: 13
Blocks Walked: 6476
Quests Done: ['Mini-Quest - Gather Oats II']
Playtime: 6
Farming: 8LvL 0xp Real: 35
Woodcutting: 3LvL 0xp Real: 34

[HUNTER] 13:57:10 - _edne Lobby: WC3 Hunted: n Class: mage Level: 105
Mobs Killed: 6
Chests Opened: 2
Blocks Walked: 1988
Playtime: 1

[HUNTER] 13:57:10 - De_illuminati Lobby: WC30 Hunted: n Class: assassin Level: 106
Mobs Killed: 17
Chests Opened: 2
Blocks Walked: 339
Quests Done: ['The Shadow of the Beast']
Playtime: 2
Fishing: 2LvL 0xp Real: 32
Mining: 4LvL 0xp Level: 31
Woodcutting: 5LvL 0xp Real: 28

[HUNTER] 13:57:10 - Tonly Lobby: WC4 Hunted: n Class: darkwizard Level: 106
Mobs Killed: 19
Chests Opened: 130
Blocks Walked: 17920
Playtime: 6
Combat: 0LvL 0.09999999999999787xp Real: 106

[HUNTER] 13:57:11 - _Mica_ Lobby: WC5 Hunted: n Class: archer Level: 106
Blocks Walked: 27
Playtime: 6

[HUNTER] 13:57:11 - KanozyOwO Lobby: WC6 Hunted: n Class: mage Level: 106
Blocks Walked: 4
Playtime: 6

[HUNTER] 13:57:12 - Pododeng Lobby: WC6 Hunted: n Class: archer1 Level: 106
Mobs Killed: 9
Blocks Walked: 2160594
Playtime: 6

[HUNTER] 14:01:06 - Netorare8577 Lobby: WC20 Hunted: n Class: shaman Level: 105
Mobs Killed: 1
Chests Opened: 5
Blocks Walked: 3309
Playtime: 7
Mining: 0LvL 4.5xp Level: 115

[HUNTER] 14:01:06 - punya3 Lobby: WC25 Hunted: n Class: mage Level: 105
Mobs Killed: 78
Chests Opened: 2
Blocks Walked: 2900
Playtime: 1

[HUNTER] 14:03:08 - CrimsonDemonLoli Lobby: WC10 Hunted: n Class: mage Level: 106
Mobs Killed: 27
Chests Opened: 148
Blocks Walked: 47361
Playtime: 6

[HUNTER] 14:03:08 - _Nanasi Lobby: WC11 Hunted: n Class: assassin Level: 104
Mobs Killed: 8
Chests Opened: 101
Blocks Walked: 14695
Playtime: 6

[HUNTER] 14:03:08 - Neforia Lobby: -1 Hunted: n Class: darkwizard Level: 106
Mobs Killed: 15
Chests Opened: 4
Blocks Walked: 2404
Playtime: 2

[HUNTER] 14:03:09 - Neforia Lobby: -1 Hunted: n Class: knight Level: 106
Chests Opened: 8
Blocks Walked: 1070
Playtime: 1

[HUNTER] 14:03:09 - Neforia Lobby: -1 Hunted: n Class: skyseer Level: 106
Chests Opened: 10
Blocks Walked: 732
Playtime: 1

[HUNTER] 14:03:09 - skywalkinerate Lobby: WC14 Hunted: n Class: warrior1 Level: 105
Mobs Killed: 83
Blocks Walked: 48251
Playtime: 5
Combat: 0LvL 0.5xp Real: 105

[HUNTER] 14:03:09 - MlyuL Lobby: WC2 Hunted: n Class: darkwizard Level: 106
Mobs Killed: 442
Chests Opened: 2
Blocks Walked: 32905
Playtime: 6

[HUNTER] 14:03:10 - Notespecially Lobby: WC24 Hunted: n Class: mage Level: 106
Mobs Killed: 48
Blocks Walked: 53328
Playtime: 6
Mining: 0LvL 9.100000000000001xp Level: 45

[HUNTER] 14:03:10 - Errkk_Skyseer Lobby: WC16 Hunted: n Class: mage2 Level: 105
Mobs Killed: 7
Blocks Walked: 1705
Playtime: 5

[HUNTER] 14:03:10 - Anno9474 Lobby: WC3 Hunted: n Class: assassin Level: 105
Mobs Killed: 12
Chests Opened: 3
Blocks Walked: 98
Playtime: 2

[HUNTER] 14:05:07 - Zefs Lobby: WC12 Hunted: n Class: assassin Level: 106
Blocks Walked: 22
Playtime: 1

[HUNTER] 14:05:08 - gadasss Lobby: WC13 Hunted: n Class: archer2 Level: 105
Mobs Killed: 13
Blocks Walked: 18188
Playtime: 5

[HUNTER] 14:05:08 - Gentle43zO Lobby: WC14 Hunted: n Class: knight Level: 106
Mobs Killed: 19
Chests Opened: 77
Blocks Walked: 36952
Playtime: 6
Combat: 0LvL 0.10000000000000853xp Real: 106

[HUNTER] 14:05:08 - CMYBilly Lobby: WC14 Hunted: n Class: shaman Level: 105
Mobs Killed: 10
Blocks Walked: 47863
Playtime: 5
Combat: 0LvL 0.5xp Real: 105

[HUNTER] 14:05:08 - Lootrunning Lobby: WC14 Hunted: n Class: archer3 Level: 105
Blocks Walked: 7119986
Playtime: 1

[HUNTER] 14:05:09 - Lootrunning Lobby: WC14 Hunted: n Class: knight1 Level: 105
Blocks Walked: 10910162
Playtime: 1

[HUNTER] 14:05:09 - Ad4m96 Lobby: WC18 Hunted: n Class: mage Level: 106
Mobs Killed: 55
Chests Opened: 63
Blocks Walked: 24272
Playtime: 6

[HUNTER] 14:05:10 - MeteorMes Lobby: WC2 Hunted: n Class: warrior Level: 106
Mobs Killed: 9
Blocks Walked: 278
Playtime: 5
Fishing: 0LvL 2.6999999999999993xp Real: 116

[HUNTER] 14:05:10 - CrazyLizard283 Lobby: WC2 Hunted: n Class: mage Level: 105
Mobs Killed: 200
Chests Opened: 56
Blocks Walked: 21716
Playtime: 6
Combat: 0LvL 0.09999999999999787xp Real: 105

[HUNTER] 14:05:10 - hesrightyouknow Lobby: WC2 Hunted: n Class: archer Level: 105
Blocks Walked: 350
Playtime: 7

[HUNTER] 14:05:10 - RoSeNur Lobby: WC2 Hunted: n Class: knight Level: 106
Mobs Killed: 12
Blocks Walked: 1453
Playtime: 2

[HUNTER] 14:05:11 - Yorickturtle Lobby: WC21 Hunted: n Class: ninja Level: 105
Mobs Killed: 2
Blocks Walked: 803
Playtime: 2
Woodcutting: 0LvL 5.5xp Real: 95

[HUNTER] 14:05:11 - 6066 Lobby: WC25 Hunted: n Class: knight Level: 105
Mobs Killed: 48
Chests Opened: 77
Blocks Walked: 20554
Playtime: 6

[HUNTER] 14:05:11 - MivosVanos Lobby: WC26 Hunted: n Class: mage2 Level: 106
Blocks Walked: 1484
Playtime: 6

[HUNTER] 14:05:12 - Dream96 Lobby: WC3 Hunted: n Class: darkwizard6 Level: 106
Mobs Killed: 111
Chests Opened: 57
Blocks Walked: 19846220
Playtime: 3

[HUNTER] 14:05:12 - Jemesy Lobby: WC4 Hunted: n Class: assassin4 Level: 106
Mobs Killed: 4
Blocks Walked: 22848
Quests Done: ['???']
Playtime: 6
Combat: 0LvL 0.7xp Real: 106

[HUNTER] 14:05:12 - tiao Lobby: WC6 Hunted: n Class: darkwizard2 Level: 105
Mobs Killed: 3
Chests Opened: 1
Blocks Walked: 24321
Playtime: 7
Woodcutting: 1LvL 0xp Real: 90

[HUNTER] 14:05:12 - MrBotie Lobby: WC8 Hunted: n Class: archer Level: 105
Blocks Walked: 1
Playtime: 5

[HUNTER] 14:05:13 - oxids Lobby: WC9 Hunted: n Class: assassin Level: 105
Blocks Walked: 38
Playtime: 1

[HUNTER] 14:05:13 - oxids Lobby: WC9 Hunted: n Class: mage Level: 106
Mobs Killed: 5
Chests Opened: 27
Blocks Walked: 9667
Playtime: 5

[HUNTER] 14:07:07 - LaMDaKiS Lobby: WC15 Hunted: n Class: mage Level: 106
Mobs Killed: 4
Blocks Walked: 4828
Playtime: 6
Mining: 0LvL 0.10000000000000142xp Level: 99

[HUNTER] 14:07:07 - Nyzocker27 Lobby: WC17 Hunted: n Class: darkwizard Level: 105
Chests Opened: 2
Blocks Walked: 21
Playtime: 1

[HUNTER] 14:07:07 - Lanseloh Lobby: WC17 Hunted: n Class: archer Level: 106
Chests Opened: 2
Blocks Walked: 1445
Playtime: 3

[HUNTER] 14:07:07 - Lanseloh Lobby: WC17 Hunted: n Class: warrior Level: 106
Mobs Killed: 73
Blocks Walked: 133
Playtime: 2

[HUNTER] 14:07:08 - Lanseloh Lobby: WC17 Hunted: n Class: shaman Level: 106
Blocks Walked: 59
Playtime: 1

[HUNTER] 14:07:08 - Doggy_W00F Lobby: WC18 Hunted: n Class: mage Level: 106
Mobs Killed: 1
Blocks Walked: 1032
Playtime: 5

[HUNTER] 14:07:08 - juhaszi Lobby: WC20 Hunted: n Class: assassin1 Level: 105
Mobs Killed: 54
Blocks Walked: 53498
Playtime: 7

[HUNTER] 14:07:08 - brilliantknight Lobby: WC21 Hunted: n Class: warrior Level: 106
Blocks Walked: 69
Playtime: 6

[HUNTER] 14:07:09 - Hockeq Lobby: WC24 Hunted: n Class: darkwizard1 Level: 105
Blocks Walked: 2
Playtime: 4

[HUNTER] 14:07:09 - Bensku1 Lobby: WC24 Hunted: n Class: skyseer Level: 105
Mobs Killed: 26
Chests Opened: 67
Blocks Walked: 19714
Playtime: 6

[HUNTER] 14:07:09 - AquaticBq Lobby: WC28 Hunted: n Class: mage Level: 106
Blocks Walked: 1387
Playtime: 6

[HUNTER] 14:07:10 - LaPotosina Lobby: WC29 Hunted: n Class: archer Level: 105
Mobs Killed: 116
Blocks Walked: 21669
Playtime: 2
Combat: 0LvL 0.09999999999999987xp Real: 105

[HUNTER] 14:07:10 - GiveUpThinking Lobby: WC3 Hunted: n Class: archer Level: 106
Blocks Walked: 4370
Playtime: 6

[HUNTER] 14:07:10 - RussetMantle Lobby: WC7 Hunted: n Class: knight1 Level: 106
Blocks Walked: 9
Playtime: 6

[HUNTER] 14:07:11 - Krokofant Lobby: WC7 Hunted: n Class: assassin Level: 106
Blocks Walked: 169011000
Playtime: 6

[HUNTER] 14:07:11 - Aya_sha Lobby: WC7 Hunted: n Class: skyseer Level: 106
Mobs Killed: 49
Blocks Walked: 5780
Playtime: 1

[HUNTER] 14:07:11 - TheRedMonadoXC Lobby: WC7 Hunted: n Class: hunter Level: 105
Mobs Killed: 1
Blocks Walked: 2873
Playtime: 4
Mining: 0LvL 62.7xp Level: 82

[HUNTER] 14:07:11 - Thatskyle Lobby: WC7 Hunted: n Class: hunter Level: 106
Mobs Killed: 25
Blocks Walked: 50607
Playtime: 5

[HUNTER] 14:07:12 - AWornOutShoe Lobby: WC8 Hunted: n Class: assassin Level: 105
Blocks Walked: 43
Playtime: 4

[HUNTER] 14:09:07 - MonstaManyi Lobby: WC13 Hunted: n Class: mage Level: 103
Mobs Killed: 119
Chests Opened: 18
Blocks Walked: 4208
Playtime: 6

[HUNTER] 14:11:07 - blanoir3298 Lobby: WC24 Hunted: n Class: mage Level: 106
Mobs Killed: 103
Blocks Walked: 35949
Playtime: 6
Combat: 0LvL 0.6000000000000014xp Real: 106

[HUNTER] 14:11:07 - NervNichtPls Lobby: WC29 Hunted: n Class: warrior Level: 106
Mobs Killed: 128
Chests Opened: 10
Blocks Walked: 34481
Playtime: 3

[HUNTER] 14:11:07 - _GoldenShadow Lobby: WC4 Hunted: n Class: mage Level: 106
Mobs Killed: 30
Chests Opened: 62
Blocks Walked: 51550
Playtime: 6

[HUNTER] 14:13:08 - orangebeanbag Lobby: WC10 Hunted: n Class: mage Level: 105
Blocks Walked: 396
Playtime: 6

[HUNTER] 14:13:08 - justGatze Lobby: WC12 Hunted: n Class: darkwizard2 Level: 105
Mobs Killed: 29
Chests Opened: 26
Blocks Walked: 46749
Playtime: 8
Combat: 0LvL 0.5xp Real: 105

[HUNTER] 14:13:09 - AuraLegend Lobby: WC19 Hunted: n Class: assassin Level: 105
Mobs Killed: 115
Chests Opened: 31
Blocks Walked: 5287
Playtime: 6
Combat: 0LvL 0.09999999999999964xp Real: 105

[HUNTER] 14:13:09 - Samuelblue123 Lobby: WC7 Hunted: n Class: mage Level: 105
Blocks Walked: 667
Playtime: 6

[HUNTER] 14:15:08 - vegayta Lobby: WC12 Hunted: n Class: warrior Level: 104
Mobs Killed: 11
Blocks Walked: 45766
Playtime: 6
Combat: 0LvL 0.5999999999999996xp Real: 104

[HUNTER] 14:15:08 - Ascended_Winter Lobby: WC13 Hunted: n Class: warrior Level: 106
Blocks Walked: 1007
Playtime: 3

[HUNTER] 14:15:09 - NebulaX59 Lobby: WC13 Hunted: n Class: archer Level: 105
Mobs Killed: 3
Chests Opened: 1
Blocks Walked: 3132
Playtime: 6

[HUNTER] 14:15:09 - eatwithspork Lobby: WC18 Hunted: n Class: mage2 Level: 105
Mobs Killed: 39
Blocks Walked: 856
Playtime: 1

[HUNTER] 14:15:09 - EZuo Lobby: WC25 Hunted: n Class: warrior Level: 106
Mobs Killed: 10
Blocks Walked: 367
Playtime: 6

[HUNTER] 14:15:10 - Drollings Lobby: WC25 Hunted: n Class: ninja1 Level: 105
Blocks Walked: 19728
Playtime: 2

[HUNTER] 14:15:10 - AsianBAKA Lobby: WC31 Hunted: n Class: archer1 Level: 105
Mobs Killed: 71
Blocks Walked: 33332
Playtime: 6
Fishing: 4LvL 0xp Real: 41

[HUNTER] 14:15:10 - Aratros00 Lobby: WC4 Hunted: n Class: warrior Level: 105
Mobs Killed: 10
Blocks Walked: 3807
Playtime: 6

[HUNTER] 14:17:07 - Mavv Lobby: WC11 Hunted: n Class: darkwizard4 Level: 105
Mobs Killed: 56
Chests Opened: 3
Blocks Walked: 7332
Quests Done: ['Mini-Quest - Gather Acacia Logs']
Playtime: 6
Woodcutting: 11LvL 0xp Real: 41

[HUNTER] 14:17:08 - Csm1tty Lobby: WC11 Hunted: n Class: archer Level: 106
Blocks Walked: 6
Playtime: 3

[HUNTER] 14:17:08 - tankofpacer Lobby: -1 Hunted: n Class: archer Level: 106
Mobs Killed: 198
Blocks Walked: 29844
Quests Done: ['Fantastic Voyage']
Playtime: 6

[HUNTER] 14:17:08 - theoplayer8381 Lobby: WC18 Hunted: n Class: darkwizard6 Level: 104
Chests Opened: 13
Blocks Walked: 4133
Playtime: 1

[HUNTER] 14:17:08 - joinmc Lobby: WC18 Hunted: n Class: mage Level: 105
Mobs Killed: 2
Blocks Walked: 20972
Playtime: 6

[HUNTER] 14:17:09 - IceWarox Lobby: WC2 Hunted: n Class: archer1 Level: 106
Blocks Walked: 1
Playtime: 6

[HUNTER] 14:17:09 - Czg Lobby: WC2 Hunted: n Class: archer Level: 105
Mobs Killed: 1
Blocks Walked: 10937395
Playtime: 6

[HUNTER] 14:17:09 - ToNoize Lobby: WC20 Hunted: n Class: mage1 Level: 106
Chests Opened: 1
Blocks Walked: 517
Playtime: 3

[HUNTER] 14:17:09 - cleangauntlet Lobby: WC21 Hunted: n Class: archer Level: 106
Blocks Walked: 2159
Playtime: 6
Mining: 0LvL 7.599999999999998xp Level: 100

[HUNTER] 14:17:10 - OwODeath Lobby: WC21 Hunted: n Class: ninja Level: 106
Blocks Walked: 98
Playtime: 3

[HUNTER] 14:17:10 - _ShaBet Lobby: WC22 Hunted: n Class: archer1 Level: 105
Mobs Killed: 24
Chests Opened: 109
Blocks Walked: 42158
Playtime: 6

[HUNTER] 14:17:10 - alexb0ba Lobby: WC24 Hunted: n Class: mage Level: 105
Mobs Killed: 96
Chests Opened: 19
Blocks Walked: 7953
Playtime: 5
Combat: 0LvL 0.10000000000000142xp Real: 105

[HUNTER] 14:17:11 - sadblock Lobby: WC26 Hunted: n Class: warrior Level: 106
Mobs Killed: 11
Chests Opened: 27
Blocks Walked: 9089
Playtime: 6

[HUNTER] 14:17:11 - Anhkyes Lobby: WC26 Hunted: n Class: archer Level: 104
Mobs Killed: 22
Chests Opened: 6
Blocks Walked: 2802
Playtime: 6

[HUNTER] 14:17:11 - AMOGUS_MC Lobby: WC28 Hunted: n Class: archer Level: 105
Mobs Killed: 383
Chests Opened: 7
Blocks Walked: 4736
Playtime: 6
Woodcutting: 2LvL 0xp Real: 57

[HUNTER] 14:17:11 - DarkMasterOK Lobby: WC29 Hunted: n Class: assassin Level: 105
Mobs Killed: 1
Blocks Walked: 37
Playtime: 3

[HUNTER] 14:17:12 - Pref1re Lobby: WC3 Hunted: n Class: mage Level: 105
Mobs Killed: 11
Blocks Walked: 2646
Playtime: 6
Fishing: 0LvL 35.400000000000006xp Real: 94

[HUNTER] 14:17:12 - Awu_hk Lobby: WC3 Hunted: n Class: archer Level: 105
Chests Opened: 1
Blocks Walked: 6059
Playtime: 7

[HUNTER] 14:17:12 - oldnewjay Lobby: WC35 Hunted: n Class: warrior Level: 105
Mobs Killed: 29
Chests Opened: 141
Blocks Walked: 16917
Playtime: 6
Combat: 0LvL 0.09999999999999432xp Real: 105

[HUNTER] 14:17:12 - fatfatsheep87 Lobby: WC4 Hunted: n Class: mage1 Level: 105
Blocks Walked: 26
Playtime: 3

[HUNTER] 14:17:13 - SkilledWarpIdol Lobby: WC5 Hunted: n Class: shaman Level: 106
Blocks Walked: 119
Playtime: 7

[HUNTER] 14:17:13 - S147 Lobby: WC7 Hunted: n Class: archer4 Level: 106
Blocks Walked: 257
Playtime: 6

[HUNTER] 14:19:08 - MitaiDjole Lobby: WC24 Hunted: n Class: mage1 Level: 105
Mobs Killed: 157
Chests Opened: 3
Blocks Walked: 47459
Playtime: 6
Combat: 0LvL 0.10000000000000009xp Real: 105

[HUNTER] 14:19:08 - _RainbowNoob_ Lobby: WC28 Hunted: n Class: mage Level: 105
Mobs Killed: 5
Blocks Walked: 12773
Playtime: 6

[HUNTER] 14:21:07 - Goldendestroyer9 Lobby: WC11 Hunted: n Class: warrior Level: 105
Mobs Killed: 5
Chests Opened: 2
Blocks Walked: 5225
Playtime: 2
Weaponsmithing: 4LvL 0xp Real: 28
Woodcutting: 0LvL 33.5xp Real: 26

[HUNTER] 14:21:08 - Pigxelate Lobby: WC12 Hunted: n Class: mage Level: 106
Mobs Killed: 153
Blocks Walked: 18905
Playtime: 4
Combat: 0LvL 0.8999999999999986xp Real: 106

[HUNTER] 14:21:08 - Pigxelate Lobby: WC12 Hunted: n Class: assassin Level: 105
Mobs Killed: 2
Blocks Walked: 421
Playtime: 1

[HUNTER] 14:21:08 - Mr_SLANGO Lobby: WC8 Hunted: n Class: mage Level: 105
Mobs Killed: 42
Blocks Walked: 45008
Playtime: 6
Combat: 0LvL 1.0xp Real: 105

[HUNTER] 14:21:09 - M1zo_ Lobby: WC8 Hunted: n Class: mage Level: 105
Mobs Killed: 97
Blocks Walked: 45207
Playtime: 5
Combat: 0LvL 0.5xp Real: 105

[HUNTER] 14:23:08 - NOMOREWORRY Lobby: WC11 Hunted: n Class: skyseer Level: 105
Mobs Killed: 40
Blocks Walked: 4805
Playtime: 6
Mining: 6LvL 0xp Level: 66

[HUNTER] 14:23:08 - Democratics Lobby: WC2 Hunted: n Class: assassin4 Level: 106
Blocks Walked: 246
Playtime: 6

[HUNTER] 14:23:09 - mathcroft Lobby: WC2 Hunted: n Class: warrior3 Level: 106
Chests Opened: 2
Blocks Walked: 15135
Playtime: 6

[HUNTER] 14:23:09 - MushroomOverlord Lobby: WC32 Hunted: n Class: archer1 Level: 103
Mobs Killed: 14
Chests Opened: 1
Blocks Walked: 53518
Playtime: 6
Combat: 0LvL 0.5999999999999996xp Real: 103

[HUNTER] 14:23:09 - LizardGaming13 Lobby: WC5 Hunted: n Class: archer Level: 105
Mobs Killed: 28
Blocks Walked: 6319
Playtime: 5
Mining: 0LvL 12.5xp Level: 89

[HUNTER] 14:23:09 - Ptrd Lobby: WC6 Hunted: n Class: mage Level: 106
Chests Opened: 4
Blocks Walked: 233
Playtime: 2

[HUNTER] 14:23:10 - DAK4444 Lobby: WC7 Hunted: n Class: archer Level: 104
Mobs Killed: 1
Chests Opened: 1
Blocks Walked: 143460101
Playtime: 6

[HUNTER] 14:23:10 - Kupidox Lobby: WC7 Hunted: n Class: hunter Level: 106
Mobs Killed: 122
Chests Opened: 4
Blocks Walked: 2842
Playtime: 1
Combat: 0LvL 0.09999999999999432xp Real: 106

[HUNTER] 14:25:08 - Spases Lobby: WC13 Hunted: n Class: hunter Level: 106
Blocks Walked: 148
Playtime: 6

[HUNTER] 14:25:08 - Dimdom10 Lobby: WC16 Hunted: n Class: mage Level: 105
Mobs Killed: 27
Chests Opened: 66
Blocks Walked: 5224
Playtime: 6

[HUNTER] 14:25:09 - babadduck Lobby: WC2 Hunted: n Class: darkwizard2 Level: 105
Blocks Walked: 6390
Playtime: 1

[HUNTER] 14:25:09 - AbyssalFire Lobby: WC28 Hunted: n Class: mage Level: 105
Blocks Walked: 654
Playtime: 6

[HUNTER] 14:25:09 - miniPCpro Lobby: WC4 Hunted: n Class: shaman Level: 105
Mobs Killed: 8
Blocks Walked: 4
Playtime: 6

[HUNTER] 14:25:09 - FRAN_TK1217 Lobby: WC6 Hunted: n Class: assassin1 Level: 104
Blocks Walked: 1
Playtime: 6

[HUNTER] 14:25:10 - robb216 Lobby: WC8 Hunted: n Class: mage Level: 105
Mobs Killed: 10
Blocks Walked: 50083
Playtime: 6
Combat: 0LvL 0.5xp Real: 105

[HUNTER] 14:27:08 - Cco0lL Lobby: WC1 Hunted: n Class: darkwizard Level: 105
Mobs Killed: 71
Blocks Walked: 6765
Playtime: 3
Combat: 0LvL 0.20000000000000284xp Real: 105

[HUNTER] 14:27:08 - mrcraftyketchup Lobby: WC10 Hunted: n Class: warrior Level: 106
Blocks Walked: 61
Playtime: 1

[HUNTER] 14:27:09 - Pododeng Lobby: WC12 Hunted: n Class: archer1 Level: 106
Mobs Killed: 134
Blocks Walked: 4388619
Playtime: 6

[HUNTER] 14:27:09 - Calluum Lobby: WC15 Hunted: n Class: knight2 Level: 106
Mobs Killed: 1
Blocks Walked: 50595
Playtime: 2

[HUNTER] 14:27:09 - Calluum Lobby: WC15 Hunted: n Class: darkwizard Level: 106
Mobs Killed: 10
Blocks Walked: 12842
Quests Done: ['The Bigger Picture', 'The Hidden City']
Playtime: 4
Combat: 0LvL 1.6000000000000085xp Real: 106

[HUNTER] 14:27:09 - jittermat Lobby: WC16 Hunted: n Class: mage Level: 104
Blocks Walked: 925
Playtime: 1
Mining: 2LvL 0xp Level: 27

[HUNTER] 14:27:10 - jittermat Lobby: WC16 Hunted: n Class: warrior1 Level: 104
Mobs Killed: 658
Blocks Walked: 847
Playtime: 4

[HUNTER] 14:27:10 - LeMinhQuan Lobby: WC17 Hunted: n Class: archer Level: 105
Mobs Killed: 2
Blocks Walked: 48
Playtime: 2

[HUNTER] 14:27:10 - LeMinhQuan Lobby: WC17 Hunted: n Class: mage Level: 105
Mobs Killed: 14
Blocks Walked: 47378
Playtime: 4

[HUNTER] 14:27:10 - lu062208639 Lobby: WC2 Hunted: n Class: mage Level: 106
Mobs Killed: 62
Chests Opened: 2
Blocks Walked: 15891
Playtime: 6
Combat: 0LvL 0.09999999999999964xp Real: 106

[HUNTER] 14:27:11 - SugVon Lobby: WC2 Hunted: n Class: ninja4 Level: 106
Mobs Killed: 1
Blocks Walked: 16659
Playtime: 5

[HUNTER] 14:27:11 - SugVon Lobby: WC2 Hunted: n Class: skyseer Level: 106
Blocks Walked: 26454093
Playtime: 1

[HUNTER] 14:27:11 - FredericInn Lobby: WC20 Hunted: n Class: mage Level: 106
Mobs Killed: 34
Chests Opened: 109
Blocks Walked: 38713
Playtime: 6

[HUNTER] 14:27:12 - MapleAir Lobby: WC22 Hunted: n Class: mage Level: 104
Mobs Killed: 111
Blocks Walked: 24294
Playtime: 4
Combat: 0LvL 0.9000000000000004xp Real: 104

[HUNTER] 14:27:12 - TimeValley Lobby: WC26 Hunted: n Class: ninja Level: 106
Mobs Killed: 17
Chests Opened: 128
Blocks Walked: 19185
Playtime: 6

[HUNTER] 14:27:12 - Topphy Lobby: WC29 Hunted: n Class: assassin Level: 103
Mobs Killed: 155
Chests Opened: 10
Blocks Walked: 7311
Quests Done: ['Mini-Quest - Gather Acacia Logs II']
Playtime: 6
Farming: 0LvL 32.3xp Real: 35
Fishing: 1LvL 0xp Real: 33
Woodcutting: 5LvL 0xp Real: 39

[HUNTER] 14:27:12 - De_illuminati Lobby: WC30 Hunted: n Class: assassin Level: 106
Mobs Killed: 116
Blocks Walked: 57182
Quests Done: ['Memory Paranoia']
Playtime: 6
Combat: 0LvL 0.20000000000000284xp Real: 106

[HUNTER] 14:27:13 - PolarBaeJr Lobby: WC31 Hunted: n Class: skyseer2 Level: 106
Chests Opened: 1
Blocks Walked: 977
Playtime: 6

[HUNTER] 14:27:13 - ThatIdentity Lobby: WC31 Hunted: n Class: archer Level: 105
Blocks Walked: 17098177
Playtime: 1

[HUNTER] 14:27:13 - Tonly Lobby: WC4 Hunted: n Class: darkwizard Level: 106
Mobs Killed: 3
Chests Opened: 23
Blocks Walked: 16864
Playtime: 6

[HUNTER] 14:27:13 - gamer_monster Lobby: WC5 Hunted: n Class: archer Level: 105
Mobs Killed: 23
Chests Opened: 15
Blocks Walked: 8917
Playtime: 5
Combat: 0LvL 0.09999999999999964xp Real: 105

[HUNTER] 14:29:09 - SnowyFair Lobby: WC6 Hunted: n Class: shaman Level: 105
Mobs Killed: 124
Chests Opened: 3
Blocks Walked: 19991
Playtime: 6
Combat: 0LvL 0.5999999999999996xp Real: 105

[HUNTER] 14:31:09 - Poyia Lobby: WC10 Hunted: n Class: skyseer1 Level: 106
Mobs Killed: 14
Chests Opened: 3
Blocks Walked: 2608
Playtime: 4
Fishing: 0LvL 0.7000000000000028xp Real: 66

[HUNTER] 14:31:10 - Poyia Lobby: WC10 Hunted: n Class: knight1 Level: 105
Mobs Killed: 99
Chests Opened: 13
Blocks Walked: 38141
Playtime: 2

[HUNTER] 14:31:10 - lexertick Lobby: WC16 Hunted: n Class: mage Level: 105
Blocks Walked: 525
Playtime: 7

[HUNTER] 14:31:10 - Jeta Lobby: WC22 Hunted: n Class: hunter Level: 105
Mobs Killed: 158
Blocks Walked: 11351852
Playtime: 5
Combat: 0LvL 0.5999999999999943xp Real: 105

[HUNTER] 14:31:10 - nightthemoon Lobby: WC28 Hunted: n Class: warrior Level: 105
Mobs Killed: 91
Chests Opened: 1
Blocks Walked: 10719
Playtime: 6

[HUNTER] 14:31:11 - Froudo Lobby: WC3 Hunted: n Class: warrior Level: 105
Mobs Killed: 8
Chests Opened: 2
Blocks Walked: 568
Playtime: 6

[HUNTER] 14:33:09 - UselessJose Lobby: WC13 Hunted: n Class: mage Level: 105
Mobs Killed: 35
Chests Opened: 40
Blocks Walked: 6110
Playtime: 5

[HUNTER] 14:33:09 - Errkk_Skyseer Lobby: WC20 Hunted: n Class: mage2 Level: 105
Mobs Killed: 3
Blocks Walked: 245
Playtime: 2

[HUNTER] 14:33:09 - skywalkinerate Lobby: WC17 Hunted: n Class: warrior1 Level: 105
Mobs Killed: 31
Blocks Walked: 52207
Playtime: 7

[HUNTER] 14:33:09 - DaddyTavis Lobby: WC2 Hunted: n Class: darkwizard Level: 105
Blocks Walked: 322
Playtime: 5

[HUNTER] 14:33:10 - Netorare8577 Lobby: WC20 Hunted: n Class: shaman Level: 105
Chests Opened: 1
Blocks Walked: 2661
Playtime: 6
Mining: 0LvL 4.199999999999996xp Level: 115

[HUNTER] 14:33:10 - ELMO_POWER Lobby: WC31 Hunted: n Class: shaman Level: 104
Blocks Walked: 4
Playtime: 7

[HUNTER] 14:35:09 - _Nanasi Lobby: WC11 Hunted: n Class: archer1 Level: 105
Chests Opened: 1
Blocks Walked: 684
Playtime: 1

[HUNTER] 14:35:09 - _Nanasi Lobby: WC11 Hunted: n Class: assassin Level: 104
Mobs Killed: 13
Chests Opened: 112
Blocks Walked: 5112158
Playtime: 6

[HUNTER] 14:35:10 - EarKiller Lobby: WC12 Hunted: n Class: warrior Level: 105
Mobs Killed: 72
Chests Opened: 13
Blocks Walked: 14068
Playtime: 6
Combat: 0LvL 0.10000000000000142xp Real: 105

[HUNTER] 14:35:10 - gadasss Lobby: WC13 Hunted: n Class: archer2 Level: 105
Mobs Killed: 7
Blocks Walked: 3449
Playtime: 6

[HUNTER] 14:35:11 - ComradeDeo Lobby: WC17 Hunted: n Class: warrior Level: 106
Blocks Walked: 156
Playtime: 7

[HUNTER] 14:35:11 - Neforia Lobby: WC17 Hunted: n Class: darkwizard Level: 106
Blocks Walked: 81
Playtime: 1

[HUNTER] 14:35:11 - Ad4m96 Lobby: WC18 Hunted: n Class: mage Level: 106
Mobs Killed: 26
Blocks Walked: 4853
Playtime: 6

[HUNTER] 14:35:12 - Enclaire Lobby: WC18 Hunted: n Class: mage Level: 105
Chests Opened: 36
Blocks Walked: 24733
Playtime: 7

[HUNTER] 14:35:12 - MlyuL Lobby: WC2 Hunted: n Class: darkwizard Level: 106
Mobs Killed: 509
Blocks Walked: 18572
Playtime: 7

[HUNTER] 14:35:12 - MrBotie Lobby: WC24 Hunted: n Class: darkwizard4 Level: 105
Blocks Walked: 17742233
Playtime: 4

[HUNTER] 14:35:12 - MrBotie Lobby: WC24 Hunted: n Class: archer Level: 105
Blocks Walked: 41
Playtime: 3

[HUNTER] 14:35:13 - MivosVanos Lobby: WC26 Hunted: n Class: mage2 Level: 106
Mobs Killed: 22
Blocks Walked: 20564
Playtime: 6

[HUNTER] 14:35:13 - Vallow_w Lobby: WC29 Hunted: n Class: assassin Level: 105
Blocks Walked: 1
Playtime: 3

[HUNTER] 14:35:13 - Notespecially Lobby: WC4 Hunted: n Class: mage Level: 106
Mobs Killed: 29
Chests Opened: 1
Blocks Walked: 19184
Playtime: 6
Combat: 0LvL 1.0xp Real: 106

[HUNTER] 14:35:13 - tiao Lobby: WC6 Hunted: n Class: darkwizard2 Level: 105
Mobs Killed: 1
Blocks Walked: 1076
Playtime: 5
Woodcutting: 0LvL 31.300000000000004xp Real: 90

[HUNTER] 14:35:14 - oxids Lobby: WC9 Hunted: n Class: assassin Level: 105
Blocks Walked: 506
Playtime: 6

[HUNTER] 14:35:14 - GergoYTB Lobby: WC9 Hunted: n Class: mage Level: 105
Mobs Killed: 15
Chests Opened: 14
Blocks Walked: 2906
Playtime: 1

[HUNTER] 14:35:14 - GergoYTB Lobby: WC9 Hunted: n Class: warrior Level: 105
Mobs Killed: 15
Blocks Walked: 2069
Playtime: 1
Armouring: 1LvL 0xp Real: 7
Mining: 0LvL 8.0xp Level: 27
Woodcutting: 0LvL 13.600000000000001xp Real: 28

[HUNTER] 14:35:14 - GergoYTB Lobby: WC9 Hunted: n Class: assassin Level: 105
Mobs Killed: 4
Blocks Walked: 672
Playtime: 3
Armouring: 1LvL 0xp Real: 5

[HUNTER] 14:37:07 - CMYBilly Lobby: WC11 Hunted: n Class: shaman Level: 105
Chests Opened: 1
Blocks Walked: 154
Playtime: 6

[HUNTER] 14:37:07 - Kiyan Lobby: WC15 Hunted: n Class: shaman Level: 105
Mobs Killed: 549
Blocks Walked: 85
Playtime: 3

[HUNTER] 14:37:08 - juhaszi Lobby: WC19 Hunted: n Class: assassin1 Level: 105
Blocks Walked: 21966
Playtime: 5
Combat: 0LvL 0.09999999999999432xp Real: 105

[HUNTER] 14:37:08 - hesrightyouknow Lobby: WC2 Hunted: n Class: archer Level: 105
Blocks Walked: 105
Playtime: 5

[HUNTER] 14:37:08 - Chruetercraft Lobby: WC20 Hunted: n Class: mage Level: 106
Mobs Killed: 35
Chests Opened: 102
Blocks Walked: 24718
Playtime: 7
Combat: 0LvL 0.09999999999999964xp Real: 106

[HUNTER] 14:37:08 - Doggy_W00F Lobby: WC20 Hunted: n Class: mage Level: 106
Mobs Killed: 12
Blocks Walked: 1477617
Playtime: 4

[HUNTER] 14:37:09 - brilliantknight Lobby: WC21 Hunted: n Class: warrior Level: 106
Blocks Walked: 146
Playtime: 6

[HUNTER] 14:37:09 - 6066 Lobby: WC21 Hunted: n Class: knight Level: 105
Mobs Killed: 89
Chests Opened: 31
Blocks Walked: 7033
Playtime: 7
Combat: 0LvL 0.09999999999999964xp Real: 105

[HUNTER] 14:37:09 - Bensku1 Lobby: WC24 Hunted: n Class: skyseer Level: 105
Mobs Killed: 32
Chests Opened: 89
Blocks Walked: 17814
Playtime: 6

[HUNTER] 14:37:09 - AquaticBq Lobby: WC28 Hunted: n Class: mage Level: 106
Chests Opened: 3
Blocks Walked: 820
Playtime: 6

[HUNTER] 14:37:10 - cougar_m Lobby: WC28 Hunted: n Class: darkwizard Level: 104
Mobs Killed: 21
Chests Opened: 98
Blocks Walked: 9117
Playtime: 4

[HUNTER] 14:37:10 - LaMDaKiS Lobby: WC28 Hunted: n Class: warrior Level: 105
Blocks Walked: 332
Playtime: 1

[HUNTER] 14:37:10 - LaPotosina Lobby: WC29 Hunted: n Class: archer Level: 105
Mobs Killed: 289
Blocks Walked: 31145
Playtime: 3
Combat: 0LvL 0.19999999999999996xp Real: 105

[HUNTER] 14:37:10 - RisingDead155 Lobby: WC29 Hunted: n Class: mage Level: 106
Blocks Walked: 1250
Playtime: 6

[HUNTER] 14:37:11 - Jemesy Lobby: WC4 Hunted: n Class: assassin4 Level: 106
Blocks Walked: 672
Playtime: 7

[HUNTER] 14:37:11 - Lootrunning Lobby: WC4 Hunted: n Class: archer3 Level: 105
Blocks Walked: 46238412
Playtime: 2

[HUNTER] 14:37:11 - Lootrunning Lobby: WC4 Hunted: n Class: knight1 Level: 105
Blocks Walked: 27739713
Playtime: 1

[HUNTER] 14:37:12 - GiveUpThinking Lobby: WC4 Hunted: n Class: archer Level: 106
Mobs Killed: 6
Chests Opened: 11
Blocks Walked: 9091
Playtime: 6

[HUNTER] 14:37:12 - SaruV Lobby: WC6 Hunted: n Class: darkwizard Level: 106
Blocks Walked: 242
Playtime: 6

[HUNTER] 14:37:12 - Krokofant Lobby: WC7 Hunted: n Class: assassin Level: 106
Blocks Walked: 169011000
Playtime: 6

[HUNTER] 14:37:12 - AWornOutShoe Lobby: WC7 Hunted: n Class: assassin Level: 105
Mobs Killed: 166
Chests Opened: 1
Blocks Walked: 4643
Playtime: 5
Combat: 0LvL 0.20000000000000284xp Real: 105

[HUNTER] 14:37:13 - Lanseloh Lobby: WC7 Hunted: n Class: warrior Level: 106
Mobs Killed: 145
Blocks Walked: 178
Playtime: 5

[HUNTER] 14:37:13 - Lanseloh Lobby: WC7 Hunted: n Class: ninja Level: 103
Blocks Walked: 449
Playtime: 1

[HUNTER] 14:39:10 - adridid03 Lobby: WC22 Hunted: n Class: warrior Level: 105
Mobs Killed: 12
Blocks Walked: 64416
Playtime: 5
Combat: 0LvL 1.2000000000000002xp Real: 105

[HUNTER] 14:41:09 - MaikizwergiHD Lobby: WC14 Hunted: n Class: warrior1 Level: 105
Mobs Killed: 37
Chests Opened: 36
Blocks Walked: 9332
Playtime: 6

[HUNTER] 14:41:09 - DoubleOMangoo Lobby: WC17 Hunted: n Class: mage Level: 103
Mobs Killed: 24
Chests Opened: 7
Blocks Walked: 6487
Playtime: 6

[HUNTER] 14:41:09 - XH Lobby: WC26 Hunted: n Class: archer Level: 105
Mobs Killed: 28
Chests Opened: 27
Blocks Walked: 34391
Playtime: 5

[HUNTER] 14:43:09 - gunnyvukhi Lobby: WC14 Hunted: n Class: warrior Level: 106
Mobs Killed: 84
Chests Opened: 10
Blocks Walked: 14494
Quests Done: ['Mini-Quest - Gather Rye II']
Playtime: 6
Farming: 1LvL 0xp Real: 65

[HUNTER] 14:43:09 - Broodjeboter Lobby: WC17 Hunted: n Class: shaman Level: 106
Mobs Killed: 5
Blocks Walked: 329
Playtime: 2
Fishing: 0LvL 3.0999999999999943xp Real: 121

[HUNTER] 14:43:09 - 3BMaker Lobby: WC28 Hunted: n Class: archer Level: 105
Mobs Killed: 16
Blocks Walked: 1490
Playtime: 7
Taioloring: 0LvL 18.2xp Real: 32

[HUNTER] 14:43:10 - blanoir3298 Lobby: WC4 Hunted: n Class: mage Level: 106
Mobs Killed: 15
Blocks Walked: 19317
Playtime: 2

[HUNTER] 14:43:10 - Nitrogen7 Lobby: WC4 Hunted: n Class: hunter Level: 106
Blocks Walked: 292
Playtime: 4

[HUNTER] 14:45:09 - justGatze Lobby: WC12 Hunted: n Class: darkwizard2 Level: 105
Mobs Killed: 93
Blocks Walked: 129477
Playtime: 6
Combat: 0LvL 1.6000000000000005xp Real: 105

[HUNTER] 14:45:09 - NeonRider Lobby: WC16 Hunted: n Class: hunter7 Level: 106
Blocks Walked: 59
Playtime: 6

[HUNTER] 14:45:09 - AuraLegend Lobby: WC19 Hunted: n Class: assassin Level: 105
Mobs Killed: 248
Chests Opened: 37
Blocks Walked: 12777
Playtime: 6
Combat: 0LvL 0.5xp Real: 105

[HUNTER] 14:45:10 - EZuo Lobby: WC2 Hunted: n Class: warrior Level: 106
Mobs Killed: 304
Blocks Walked: 20883
Playtime: 6

[HUNTER] 14:45:10 - Noobathan Lobby: WC23 Hunted: n Class: archer1 Level: 105
Mobs Killed: 16
Chests Opened: 1
Blocks Walked: 3371
Playtime: 5

[HUNTER] 14:45:11 - Hrt1 Lobby: WC33 Hunted: n Class: assassin3 Level: 105
Mobs Killed: 484
Blocks Walked: 54050
Playtime: 6
Combat: 0LvL 2.700000000000003xp Real: 105

[HUNTER] 14:47:09 - oldnewjay Lobby: WC1 Hunted: n Class: warrior Level: 105
Mobs Killed: 8
Chests Opened: 9
Blocks Walked: 31296
Playtime: 2

[HUNTER] 14:47:10 - Mavv Lobby: WC11 Hunted: n Class: darkwizard4 Level: 105
Mobs Killed: 11
Blocks Walked: 2347
Playtime: 3
Farming: 2LvL 0xp Real: 17
Fishing: 1LvL 0xp Real: 46

[HUNTER] 14:47:10 - Mavv Lobby: WC11 Hunted: n Class: darkwizard2 Level: 105
Mobs Killed: 373
Chests Opened: 3
Blocks Walked: 5651
Playtime: 3

[HUNTER] 14:47:10 - vegayta Lobby: WC34 Hunted: n Class: warrior Level: 104
Mobs Killed: 54
Blocks Walked: 123501
Playtime: 6
Combat: 0LvL 1.6999999999999993xp Real: 104

[HUNTER] 14:47:10 - theoplayer8381 Lobby: WC15 Hunted: n Class: darkwizard6 Level: 104
Mobs Killed: 35
Chests Opened: 51
Blocks Walked: 15614
Playtime: 2

[HUNTER] 14:47:11 - joinmc Lobby: WC18 Hunted: n Class: mage Level: 105
Mobs Killed: 2
Blocks Walked: 12884
Playtime: 6

[HUNTER] 14:47:11 - SkilledWarpIdol Lobby: WC18 Hunted: n Class: shaman Level: 106
Mobs Killed: 41
Blocks Walked: 1467
Playtime: 6

[HUNTER] 14:47:11 - DarkMasterOK Lobby: WC18 Hunted: n Class: warrior Level: 105
Mobs Killed: 24
Blocks Walked: 3911667
Playtime: 6

[HUNTER] 14:47:12 - maromiso Lobby: WC19 Hunted: n Class: mage Level: 106
Blocks Walked: 22
Playtime: 6

[HUNTER] 14:47:12 - cleangauntlet Lobby: WC21 Hunted: n Class: archer Level: 106
Mobs Killed: 29
Chests Opened: 3
Blocks Walked: 41105
Playtime: 6
Mining: 0LvL 4.199999999999999xp Level: 100

[HUNTER] 14:47:12 - Ascended_Winter Lobby: WC22 Hunted: n Class: warrior Level: 106
Mobs Killed: 17
Blocks Walked: 47002
Playtime: 5
Combat: 0LvL 0.6000000000000001xp Real: 106

[HUNTER] 14:47:12 - sadblock Lobby: WC26 Hunted: n Class: warrior Level: 106
Blocks Walked: 130
Playtime: 6

[HUNTER] 14:47:13 - AMOGUS_MC Lobby: -1 Hunted: n Class: archer Level: 105
Mobs Killed: 174
Chests Opened: 3
Blocks Walked: 2965
Quests Done: ['Mini-Quest - Gather Jungle Logs II']
Playtime: 6
Woodcutting: 1LvL 0xp Real: 58

[HUNTER] 14:47:13 - Anhkyes Lobby: WC29 Hunted: n Class: archer Level: 104
Mobs Killed: 112
Chests Opened: 38
Blocks Walked: 11408
Playtime: 7
Combat: 0LvL 0.09999999999999964xp Real: 104

[HUNTER] 14:47:13 - Pref1re Lobby: WC3 Hunted: n Class: mage Level: 105
Mobs Killed: 5
Blocks Walked: 2976
Playtime: 6
Fishing: 1LvL 0xp Real: 95

[HUNTER] 14:47:13 - Awu_hk Lobby: WC3 Hunted: n Class: archer Level: 105
Blocks Walked: 1345
Playtime: 6

[HUNTER] 14:47:14 - Xernial Lobby: WC3 Hunted: n Class: assassin Level: 106
Mobs Killed: 6
Blocks Walked: 383
Playtime: 4

[HUNTER] 14:47:14 - ToNoize Lobby: WC5 Hunted: n Class: mage1 Level: 106
Blocks Walked: 358
Playtime: 4

[HUNTER] 14:47:14 - zigi_is_ziki Lobby: WC6 Hunted: n Class: mage Level: 105
Blocks Walked: 4
Playtime: 6
Farming: 0LvL 2.6999999999999886xp Real: 67

[HUNTER] 14:47:15 - S147 Lobby: WC7 Hunted: n Class: archer4 Level: 106
Blocks Walked: 532
Playtime: 6

[HUNTER] 14:49:09 - KVVS Lobby: WC20 Hunted: n Class: mage Level: 105
Blocks Walked: 176
Playtime: 2

[HUNTER] 14:49:09 - _RainbowNoob_ Lobby: WC28 Hunted: n Class: mage Level: 105
Blocks Walked: 1320
Playtime: 6

[HUNTER] 14:51:09 - Goldendestroyer9 Lobby: WC11 Hunted: n Class: warrior Level: 105
Mobs Killed: 34
Chests Opened: 5
Blocks Walked: 4368
Playtime: 5
Woodcutting: 5LvL 0xp Real: 31

[HUNTER] 14:51:10 - Darkrobot1000 Lobby: WC14 Hunted: n Class: mage Level: 103
Mobs Killed: 194
Chests Opened: 8
Blocks Walked: 6342
Playtime: 6

[HUNTER] 14:51:10 - kmaxi Lobby: WC20 Hunted: n Class: ninja Level: 105
Mobs Killed: 197
Blocks Walked: 30905
Playtime: 6

[HUNTER] 14:51:10 - opiad Lobby: WC3 Hunted: n Class: ninja1 Level: 105
Mobs Killed: 79
Chests Opened: 26
Blocks Walked: 9932
Playtime: 6
Combat: 0LvL 0.10000000000000142xp Real: 105

[HUNTER] 14:51:11 - AAR360 Lobby: WC32 Hunted: n Class: warrior2 Level: 104
Blocks Walked: 89
Playtime: 2

[HUNTER] 14:51:11 - Pigxelate Lobby: WC8 Hunted: n Class: mage Level: 106
Mobs Killed: 42
Blocks Walked: 9523
Playtime: 6

[HUNTER] 14:51:11 - Glazr Lobby: YT Hunted: n Class: mage2 Level: 106
Mobs Killed: 280
Blocks Walked: 10026590
Playtime: 6
Combat: 0LvL 0.6999999999999957xp Real: 106

[HUNTER] 14:53:10 - NOMOREWORRY Lobby: WC11 Hunted: n Class: skyseer Level: 105
Mobs Killed: 121
Blocks Walked: 3240
Playtime: 6
Mining: 4LvL 0xp Level: 70

[HUNTER] 14:53:10 - Lalatera Lobby: WC13 Hunted: n Class: hunter1 Level: 105
Blocks Walked: 3
Playtime: 6

[HUNTER] 14:53:10 - Shelorine Lobby: WC20 Hunted: n Class: mage1 Level: 105
Mobs Killed: 112
Blocks Walked: 18713
Playtime: 2

[HUNTER] 14:53:10 - Mr_SLANGO Lobby: WC29 Hunted: n Class: mage Level: 105
Mobs Killed: 39
Blocks Walked: 35296
Playtime: 6
Combat: 0LvL 1.0xp Real: 105

[HUNTER] 14:53:11 - Miner_ES Lobby: WC5 Hunted: n Class: mage Level: 105
Mobs Killed: 30
Blocks Walked: 11313644
Playtime: 4

[HUNTER] 14:53:11 - LizardGaming13 Lobby: WC5 Hunted: n Class: archer Level: 105
Chests Opened: 1
Blocks Walked: 40999
Playtime: 4
Mining: 0LvL 40.6xp Level: 89

[HUNTER] 14:53:11 - Ptrd Lobby: WC6 Hunted: n Class: mage Level: 106
Mobs Killed: 3
Chests Opened: 37
Blocks Walked: 5177
Playtime: 3

[HUNTER] 14:55:10 - Dimdom10 Lobby: WC16 Hunted: n Class: mage Level: 105
Mobs Killed: 1
Chests Opened: 5
Blocks Walked: 2782
Playtime: 7

[HUNTER] 14:55:10 - TThePotatoKiller Lobby: WC18 Hunted: n Class: ninja Level: 105
Mobs Killed: 25
Blocks Walked: 8431
Quests Done: ['Mini-Quest - Gather Icefish II']
Playtime: 6
Fishing: 3LvL 0xp Real: 50
Woodcutting: 20LvL 0xp Real: 21

[HUNTER] 14:55:10 - mathcroft Lobby: WC2 Hunted: n Class: warrior3 Level: 106
Blocks Walked: 20053
Playtime: 6

[HUNTER] 14:55:11 - ModernSoldier Lobby: WC2 Hunted: n Class: skyseer Level: 105
Mobs Killed: 2965
Blocks Walked: 684
Playtime: 4

[HUNTER] 14:55:11 - Sherias Lobby: WC22 Hunted: n Class: mage Level: 106
Mobs Killed: 27
Chests Opened: 36
Blocks Walked: 4448337
Playtime: 6
Combat: 0LvL 0.10000000000000142xp Real: 106

[HUNTER] 14:55:11 - miniPCpro Lobby: WC24 Hunted: n Class: shaman Level: 105
Blocks Walked: 448
Playtime: 3

[HUNTER] 14:55:11 - Kupidox Lobby: WC29 Hunted: n Class: archer1 Level: 106
Mobs Killed: 3
Chests Opened: 21
Blocks Walked: 2067
Playtime: 2

[HUNTER] 14:57:10 - T307 Lobby: WC1 Hunted: n Class: archer Level: 106
Mobs Killed: 1
Blocks Walked: 1017
Playtime: 6

[HUNTER] 14:57:11 - Spases Lobby: WC13 Hunted: n Class: hunter Level: 106
Blocks Walked: 17
Playtime: 6

[HUNTER] 14:57:11 - Calluum Lobby: WC15 Hunted: n Class: darkwizard Level: 106
Mobs Killed: 63
Chests Opened: 1
Blocks Walked: 48178
Quests Done: ['Acquiring Credentials', "Aldorei's Secret Part I", 'Fallen Delivery']
Playtime: 6
Combat: 0LvL 1.0999999999999943xp Real: 106

[HUNTER] 14:57:11 - lu062208639 Lobby: WC2 Hunted: n Class: mage Level: 106
Mobs Killed: 55
Blocks Walked: 7277
Playtime: 6

[HUNTER] 14:57:11 - FredericInn Lobby: -1 Hunted: n Class: mage Level: 106
Mobs Killed: 24
Chests Opened: 124
Blocks Walked: 19531
Playtime: 6

[HUNTER] 14:57:12 - MapleAir Lobby: -1 Hunted: n Class: mage Level: 104
Mobs Killed: 70
Chests Opened: 3
Blocks Walked: 25373
Playtime: 5
Combat: 0LvL 0.7999999999999998xp Real: 104

[HUNTER] 14:57:12 - TimeValley Lobby: WC25 Hunted: n Class: ninja Level: 106
Mobs Killed: 20
Chests Opened: 122
Blocks Walked: 9692
Playtime: 6

[HUNTER] 14:57:12 - jittermat Lobby: WC29 Hunted: n Class: mage Level: 104
Mobs Killed: 2
Blocks Walked: 255
Playtime: 1

[HUNTER] 14:57:13 - jittermat Lobby: WC29 Hunted: n Class: assassin Level: 104
Blocks Walked: 1
Playtime: 1

[HUNTER] 14:57:13 - jittermat Lobby: WC29 Hunted: n Class: warrior1 Level: 104
Mobs Killed: 476
Blocks Walked: 66
Playtime: 4

[HUNTER] 14:57:13 - De_illuminati Lobby: WC30 Hunted: n Class: assassin Level: 106
Mobs Killed: 57
Chests Opened: 4
Blocks Walked: 14885422
Quests Done: ['Forbidden Prison', 'Lazarus Pit']
Playtime: 6
Combat: 0LvL 0.5999999999999979xp Real: 106

[HUNTER] 14:57:13 - PolarBaeJr Lobby: WC31 Hunted: n Class: skyseer2 Level: 106
Blocks Walked: 79
Playtime: 6

[HUNTER] 14:57:14 - Pododeng Lobby: WC34 Hunted: n Class: archer1 Level: 106
Mobs Killed: 159
Blocks Walked: 97543
Playtime: 6

[HUNTER] 14:57:14 - _edne Lobby: WC36 Hunted: n Class: shaman Level: 105
Blocks Walked: 203
Playtime: 2

[HUNTER] 14:57:14 - Tonly Lobby: WC4 Hunted: n Class: darkwizard Level: 106
Mobs Killed: 246
Blocks Walked: 43406
Quests Done: ['The Dark Descent']
Playtime: 3

[HUNTER] 14:57:15 - _Mica_ Lobby: WC5 Hunted: n Class: archer Level: 106
Blocks Walked: 13
Playtime: 6

[HUNTER] 14:57:15 - gamer_monster Lobby: WC5 Hunted: n Class: archer Level: 105
Mobs Killed: 72
Chests Opened: 27
Blocks Walked: 11624
Playtime: 6

[HUNTER] 14:57:15 - AzT3J4S Lobby: WC5 Hunted: n Class: knight1 Level: 105
Mobs Killed: 94
Blocks Walked: 10838312
Playtime: 4

[HUNTER] 14:57:15 - mrcraftyketchup Lobby: WC7 Hunted: n Class: warrior Level: 106
Mobs Killed: 94
Chests Opened: 53
Blocks Walked: 9224
Playtime: 5

[HUNTER] 14:57:16 - Pinecomb Lobby: WC8 Hunted: n Class: archer Level: 105
Mobs Killed: 191
Blocks Walked: 21415
Playtime: 6

[HUNTER] 14:59:09 - SugVon Lobby: WC2 Hunted: n Class: ninja4 Level: 106
Mobs Killed: 1
Blocks Walked: 164
Playtime: 2

[HUNTER] 14:59:09 - SugVon Lobby: WC2 Hunted: n Class: skyseer Level: 106
Mobs Killed: 3
Blocks Walked: 42161374
Playtime: 3

[HUNTER] 14:59:09 - B0R3D Lobby: WC2 Hunted: n Class: assassin Level: 105
Mobs Killed: 1
Blocks Walked: 86
Playtime: 1

[HUNTER] 14:59:10 - B0R3D Lobby: WC2 Hunted: n Class: darkwizard3 Level: 105
Blocks Walked: 168
Playtime: 5

[HUNTER] 14:59:10 - JeanGuyGabriel Lobby: WC2 Hunted: n Class: warrior1 Level: 105
Mobs Killed: 53
Chests Opened: 4
Blocks Walked: 5584
Playtime: 4

[HUNTER] 15:02:08 - Poyia Lobby: WC10 Hunted: n Class: skyseer1 Level: 106
Mobs Killed: 1
Blocks Walked: 16164
Playtime: 3

[HUNTER] 15:02:08 - Poyia Lobby: WC10 Hunted: n Class: knight1 Level: 105
Mobs Killed: 23
Chests Opened: 14
Blocks Walked: 19158
Playtime: 3

[HUNTER] 15:02:08 - nightthemoon Lobby: WC28 Hunted: n Class: warrior Level: 105
Mobs Killed: 150
Blocks Walked: 21067
Playtime: 6
Combat: 0LvL 0.6999999999999993xp Real: 105

[HUNTER] 15:02:09 - RMH0131 Lobby: WC34 Hunted: n Class: mage2 Level: 105
Blocks Walked: 12
Playtime: 1

[HUNTER] 15:02:09 - RMH0131 Lobby: WC34 Hunted: n Class: assassin Level: 105
Mobs Killed: 3
Blocks Walked: 12628
Playtime: 5

[HUNTER] 15:04:13 - Zinnig Lobby: WC15 Hunted: n Class: assassin Level: 106
Blocks Walked: 93
Playtime: 6

[HUNTER] 15:04:13 - IceHorror Lobby: WC16 Hunted: n Class: mage Level: 106
Blocks Walked: 18
Playtime: 1

[HUNTER] 15:04:13 - DaddyTavis Lobby: WC2 Hunted: n Class: darkwizard Level: 105
Chests Opened: 4
Blocks Walked: 4419
Playtime: 6

[HUNTER] 15:04:13 - Jeta Lobby: WC22 Hunted: n Class: hunter Level: 105
Mobs Killed: 42
Blocks Walked: 34016
Playtime: 6
Combat: 0LvL 0.6000000000000085xp Real: 105

[HUNTER] 15:04:14 - Froudo Lobby: WC3 Hunted: n Class: warrior Level: 105
Mobs Killed: 3
Blocks Walked: 18942
Playtime: 6

[HUNTER] 15:04:14 - Netorare8577 Lobby: WC31 Hunted: n Class: shaman Level: 105
Mobs Killed: 13
Chests Opened: 1
Blocks Walked: 1109
Playtime: 2
Mining: 0LvL 0.7000000000000028xp Level: 115

[HUNTER] 15:04:14 - Netorare8577 Lobby: WC31 Hunted: n Class: mage Level: 105
Mobs Killed: 124
Chests Opened: 2
Blocks Walked: 2568
Playtime: 3
Combat: 0LvL 0.09999999999999964xp Real: 105

[HUNTER] 15:04:14 - Saraldar Lobby: WC33 Hunted: n Class: archer Level: 106
Mobs Killed: 1
Chests Opened: 1
Blocks Walked: 3852
Playtime: 6

[HUNTER] 15:04:15 - doyatte Lobby: WC5 Hunted: n Class: warrior1 Level: 105
Mobs Killed: 7
Blocks Walked: 3687925
Playtime: 7

[HUNTER] 15:04:15 - Paaidi Lobby: WC5 Hunted: n Class: archer Level: 105
Mobs Killed: 12
Blocks Walked: 3856
Playtime: 5

[HUNTER] 15:06:10 - gadasss Lobby: WC13 Hunted: n Class: archer2 Level: 105
Mobs Killed: 40
Blocks Walked: 46207
Playtime: 4

[HUNTER] 15:06:11 - Synch__ Lobby: WC13 Hunted: n Class: mage Level: 105
Mobs Killed: 17
Chests Opened: 42
Blocks Walked: 8786
Playtime: 4

[HUNTER] 15:06:11 - _Nanasi Lobby: WC16 Hunted: n Class: assassin Level: 104
Chests Opened: 65
Blocks Walked: 11925
Playtime: 4

[HUNTER] 15:06:11 - ComradeDeo Lobby: WC17 Hunted: n Class: warrior Level: 106
Blocks Walked: 638
Playtime: 6
Woodworking: 8LvL 0xp Real: 60

[HUNTER] 15:06:11 - Enclaire Lobby: WC18 Hunted: n Class: mage Level: 105
Chests Opened: 42
Blocks Walked: 5731
Playtime: 6

[HUNTER] 15:06:12 - juhaszi Lobby: WC19 Hunted: n Class: assassin1 Level: 105
Blocks Walked: 755
Playtime: 7

[HUNTER] 15:06:12 - MlyuL Lobby: WC2 Hunted: n Class: darkwizard Level: 106
Mobs Killed: 443
Blocks Walked: 10344
Playtime: 3

[HUNTER] 15:06:12 - MlyuL Lobby: WC2 Hunted: n Class: assassin Level: 105
Mobs Killed: 2
Blocks Walked: 454
Playtime: 3

[HUNTER] 15:06:13 - Chruetercraft Lobby: WC20 Hunted: n Class: mage Level: 106
Mobs Killed: 1
Chests Opened: 53
Blocks Walked: 19160
Playtime: 6

[HUNTER] 15:06:13 - EarKiller Lobby: WC20 Hunted: n Class: warrior Level: 105
Mobs Killed: 21
Chests Opened: 9
Blocks Walked: 8931
Playtime: 6
Fishing: 0LvL 0.9000000000000001xp Real: 100

[HUNTER] 15:06:13 - MivosVanos Lobby: WC26 Hunted: n Class: mage2 Level: 106
Chests Opened: 3
Blocks Walked: 8481
Playtime: 6

[HUNTER] 15:06:13 - cougar_m Lobby: WC28 Hunted: n Class: assassin Level: 104
Blocks Walked: 19
Playtime: 4

[HUNTER] 15:06:14 - cougar_m Lobby: WC28 Hunted: n Class: darkwizard Level: 104
Chests Opened: 5
Blocks Walked: 2514
Playtime: 1

[HUNTER] 15:06:14 - GiveUpThinking Lobby: WC33 Hunted: n Class: archer Level: 106
Mobs Killed: 2
Chests Opened: 1
Blocks Walked: 3869
Playtime: 6

[HUNTER] 15:06:14 - Notespecially Lobby: WC36 Hunted: n Class: mage Level: 106
Mobs Killed: 55
Blocks Walked: 80530
Playtime: 6
Combat: 0LvL 0.20000000000000018xp Real: 106
Mining: 0LvL 5.799999999999997xp Level: 45

[HUNTER] 15:06:15 - AWornOutShoe Lobby: WC7 Hunted: n Class: assassin Level: 105
Mobs Killed: 33
Chests Opened: 1
Blocks Walked: 13979
Playtime: 5

[HUNTER] 15:08:09 - Lootrunning Lobby: WC12 Hunted: n Class: archer3 Level: 105
Blocks Walked: 27744300
Playtime: 1

[HUNTER] 15:08:09 - Lootrunning Lobby: WC12 Hunted: n Class: knight1 Level: 105
Blocks Walked: 1
Playtime: 1

[HUNTER] 15:08:09 - Lootrunning Lobby: WC12 Hunted: n Class: shaman Level: 103
Mobs Killed: 42
Blocks Walked: 3519660
Playtime: 3

[HUNTER] 15:08:10 - oxids Lobby: -1 Hunted: n Class: assassin Level: 105
Blocks Walked: 183
Playtime: 4

[HUNTER] 15:08:10 - oxids Lobby: -1 Hunted: n Class: shaman Level: 106
Blocks Walked: 57
Playtime: 1

[HUNTER] 15:08:10 - Gentle43zO Lobby: WC16 Hunted: n Class: knight Level: 106
Mobs Killed: 47
Blocks Walked: 2774
Playtime: 4
Combat: 0LvL 0.09999999999999432xp Real: 106

[HUNTER] 15:08:11 - LaMDaKiS Lobby: WC16 Hunted: n Class: mage Level: 106
Mobs Killed: 6
Blocks Walked: 550
Playtime: 1
Fishing: 0LvL 0.10000000000000142xp Real: 99

[HUNTER] 15:08:11 - Lanseloh Lobby: WC18 Hunted: n Class: archer Level: 106
Mobs Killed: 7
Blocks Walked: 1061
Playtime: 1

[HUNTER] 15:08:11 - Lanseloh Lobby: WC18 Hunted: n Class: warrior Level: 106
Mobs Killed: 23
Blocks Walked: 161
Playtime: 1

[HUNTER] 15:08:11 - Lanseloh Lobby: WC18 Hunted: n Class: ninja Level: 103
Blocks Walked: 22857792
Playtime: 4
Combat: 0LvL 0.09999999999999964xp Real: 103

[HUNTER] 15:08:12 - zMars Lobby: WC2 Hunted: n Class: ninja Level: 106
Blocks Walked: 558
Playtime: 3

[HUNTER] 15:08:12 - zMars Lobby: WC2 Hunted: n Class: darkwizard Level: 106
Blocks Walked: 1035
Playtime: 3

[HUNTER] 15:08:13 - TheRedMonadoXC Lobby: WC20 Hunted: n Class: knight3 Level: 103
Blocks Walked: 106
Playtime: 5

[HUNTER] 15:08:13 - 6066 Lobby: WC21 Hunted: n Class: knight Level: 105
Blocks Walked: 64
Playtime: 6

[HUNTER] 15:08:13 - MerryTacos Lobby: WC22 Hunted: n Class: mage Level: 105
Mobs Killed: 132
Chests Opened: 1
Blocks Walked: 26037
Playtime: 6

[HUNTER] 15:08:13 - brilliantknight Lobby: WC22 Hunted: n Class: warrior Level: 106
Mobs Killed: 2
Chests Opened: 14
Blocks Walked: 73
Playtime: 6

[HUNTER] 15:08:14 - RisingDead155 Lobby: WC29 Hunted: n Class: mage Level: 106
Mobs Killed: 75
Chests Opened: 46
Blocks Walked: 6149
Playtime: 6
Combat: 0LvL 0.09999999999999432xp Real: 106

[HUNTER] 15:08:14 - Doggy_W00F Lobby: WC7 Hunted: n Class: mage Level: 106
Mobs Killed: 7
Blocks Walked: 2757
Playtime: 6

[HUNTER] 15:08:14 - Krokofant Lobby: WC7 Hunted: n Class: assassin Level: 106
Blocks Walked: 169011000
Playtime: 6

[HUNTER] 15:10:10 - MaikizwergiHD Lobby: WC14 Hunted: n Class: warrior1 Level: 105
Mobs Killed: 3
Chests Opened: 8
Blocks Walked: 639
Playtime: 6

[HUNTER] 15:10:10 - Oogue Lobby: WC18 Hunted: n Class: assassin1 Level: 106
Blocks Walked: 5464
Playtime: 2

[HUNTER] 15:10:10 - _Wohju Lobby: WC19 Hunted: n Class: assassin Level: 105
Blocks Walked: 111
Playtime: 1

[HUNTER] 15:10:10 - _Wohju Lobby: WC19 Hunted: n Class: mage Level: 105
Blocks Walked: 134
Playtime: 2

[HUNTER] 15:10:11 - imperathor02 Lobby: WC20 Hunted: n Class: mage4 Level: 106
Blocks Walked: 190980017
Playtime: 7

[HUNTER] 15:10:11 - Lolliee Lobby: WC34 Hunted: n Class: mage4 Level: 105
Mobs Killed: 45
Blocks Walked: 96409
Playtime: 7
Combat: 0LvL 1.1999999999999993xp Real: 105

[HUNTER] 15:10:11 - adridid03 Lobby: WC36 Hunted: n Class: warrior Level: 105
Mobs Killed: 17
Chests Opened: 1
Blocks Walked: 8709
Playtime: 6
Combat: 0LvL 0.09999999999999964xp Real: 105

[HUNTER] 15:10:12 - Sandveech Lobby: WC4 Hunted: n Class: mage1 Level: 104
Mobs Killed: 47
Chests Opened: 1
Blocks Walked: 613
Playtime: 6
Woodcutting: 0LvL 5.699999999999999xp Real: 70

[HUNTER] 15:10:12 - Sherderr Lobby: WC9 Hunted: n Class: assassin Level: 106
Blocks Walked: 45425956
Playtime: 2

[HUNTER] 15:10:12 - Sherderr Lobby: WC9 Hunted: n Class: mage Level: 105
Mobs Killed: 5
Blocks Walked: 62871263
Playtime: 4

[HUNTER] 15:12:10 - FYWind Lobby: WC11 Hunted: n Class: darkwizard Level: 106
Mobs Killed: 5
Blocks Walked: 940
Playtime: 6
Mining: 0LvL 9.899999999999999xp Level: 98

[HUNTER] 15:12:10 - S0_ Lobby: WC16 Hunted: n Class: darkwizard Level: 105
Mobs Killed: 234
Blocks Walked: 11353
Playtime: 6
Combat: 0LvL 0.10000000000000142xp Real: 105

[HUNTER] 15:12:11 - Sibens Lobby: WC27 Hunted: n Class: mage1 Level: 105
Blocks Walked: 12
Playtime: 6

[HUNTER] 15:12:11 - DT_Jack Lobby: WC5 Hunted: n Class: assassin2 Level: 105
Blocks Walked: 2855
Playtime: 6
Fishing: 1LvL 0xp Real: 58
Mining: 1LvL 0xp Level: 61

[HUNTER] 15:12:11 - Halewen Lobby: WC7 Hunted: n Class: assassin Level: 105
Mobs Killed: 121
Chests Opened: 5
Blocks Walked: 7767
Playtime: 5

