[INFO] 13:49:55 - Started new session
[HUNTED] 13:55:07 - AzT3J4S Lobby: WC11 Hunted: y Class: assassin Level: 103
Blocks Walked: 232
Playtime: 7

[HUNTED] 13:57:07 - ByteZzz Lobby: WC11 Hunted: y Class: shaman5 Level: 20
Mobs Killed: 493
Chests Opened: 19
Blocks Walked: 7303
Playtime: 6
Combat: 1LvL 0xp Real: 20
Mining: 1LvL 0xp Level: 21

[HUNTED] 14:05:09 - Lootrunning Lobby: WC14 Hunted: y Class: warrior2 Level: 14
Mobs Killed: 219
Chests Opened: 25
Blocks Walked: 7296225
Playtime: 4
Combat: 7LvL 0xp Real: 14

[HUNTED] 14:05:13 - MrBotie Lobby: WC8 Hunted: y Class: shaman1 Level: 102
Mobs Killed: 342
Blocks Walked: 1450
Playtime: 1

[HUNTED] 14:07:09 - Hockeq Lobby: WC24 Hunted: y Class: ninja2 Level: 34
Mobs Killed: 57
Chests Opened: 1
Blocks Walked: 553
Playtime: 1
Combat: 0LvL 28.200000000000003xp Real: 34

[HUNTED] 14:27:08 - ByteZzz Lobby: WC11 Hunted: y Class: shaman5 Level: 21
Mobs Killed: 263
Chests Opened: 15
Blocks Walked: 61856
Quests Done: ['The Sewers of Ragni']
Playtime: 6
Combat: 1LvL 0xp Real: 21
Armouring: 3LvL 0xp Real: 18
Mining: 0LvL 17.800000000000004xp Level: 21
Woodworking: 3LvL 0xp Real: 21

[HUNTED] 14:27:11 - Dran1x Lobby: WC21 Hunted: y Class: knight2 Level: 51
Mobs Killed: 38
Chests Opened: 1
Blocks Walked: 70928
Quests Done: ['A Grave Mistake', 'An Iron Heart Part I']
Playtime: 6
Combat: 1LvL 0xp Real: 51

[HUNTED] 14:29:08 - Mns_Hello Lobby: WC25 Hunted: y Class: shaman19 Level: 75
Blocks Walked: 10731
Quests Done: ['Tower of Ascension']
Playtime: 1

[HUNTED] 14:29:09 - Mns_Hello Lobby: WC25 Hunted: y Class: shaman21 Level: 75
Mobs Killed: 15
Blocks Walked: 31724
Quests Done: ['The House of Twain', 'The Ultimate Weapon', 'WynnExcavation Site D', 'Master Piece']
Playtime: 5

[HUNTED] 14:35:10 - Magicmakerman Lobby: WC13 Hunted: y Class: knight1 Level: 103
Mobs Killed: 15
Blocks Walked: 33583
Playtime: 5
Combat: 0LvL 1.7000000000000002xp Real: 103

[HUNTED] 14:35:10 - Huruf Lobby: WC15 Hunted: y Class: shaman1 Level: 17
Mobs Killed: 343
Blocks Walked: 2935
Playtime: 6
Combat: 6LvL 0xp Real: 17

[HUNTED] 14:37:11 - Lootrunning Lobby: WC4 Hunted: y Class: warrior2 Level: 14
Mobs Killed: 43
Chests Opened: 6
Blocks Walked: 163
Playtime: 1
Combat: 0LvL 4.799999999999997xp Real: 14

[HUNTED] 14:51:11 - AAR360 Lobby: WC32 Hunted: y Class: shaman Level: 25
Mobs Killed: 44
Blocks Walked: 3712
Playtime: 5
Combat: 0LvL 9.1xp Real: 25
Mining: 2LvL 0xp Level: 27
Woodworking: 4LvL 0xp Real: 22
Woodcutting: 1LvL 0xp Real: 26

[HUNTED] 14:57:10 - ByteZzz Lobby: WC11 Hunted: y Class: shaman5 Level: 21
Mobs Killed: 212
Chests Opened: 28
Blocks Walked: 36539
Quests Done: ['Mini-Quest - Gather Wheat']
Playtime: 6
Combat: 0LvL 53.3xp Real: 21
Farming: 0LvL 26.799999999999997xp Real: 19
Fishing: 1LvL 0xp Real: 23
Mining: 4LvL 0xp Level: 25
Woodcutting: 1LvL 0xp Real: 26

[HUNTED] 14:57:12 - Dran1x Lobby: WC21 Hunted: y Class: knight2 Level: 54
Mobs Killed: 53
Chests Opened: 4
Blocks Walked: 26536
Quests Done: ['Death Whistle', 'The Maiden Tower', 'Master Piece']
Playtime: 6
Combat: 3LvL 0xp Real: 54

[HUNTED] 15:06:12 - hesrightyouknow Lobby: WC2 Hunted: y Class: knight2 Level: 104
Mobs Killed: 26
Blocks Walked: 52640
Playtime: 1

[HUNTED] 15:08:10 - Lootrunning Lobby: WC12 Hunted: y Class: warrior2 Level: 14
Mobs Killed: 1
Blocks Walked: 107
Playtime: 1
Combat: 0LvL 0.20000000000000284xp Real: 14

